{"name": "Checking Required Fields", "status": "failed", "statusDetails": {"message": "AssertionError: assert 'This is a required field.' == 'Please enter 6 or more characters. Leading or trailing spaces will be ignored.'\n  - Please enter 6 or more characters. Leading or trailing spaces will be ignored.\n  + This is a required field.", "trace": "self = <checking_required_fields.TestCheckingRequiredFields object at 0x000001E8832E5C10>\n\n    @allure.title('Checking Required Fields')\n    @allure.description('Verify error messages for required fields on the create account page.')\n    @allure.severity(allure.severity_level.CRITICAL)\n    def test_checking_required_fields(self):\n        allure.attach(\n            'This test verifies error messages for required fields on the create account page.',\n            'Test Description'\n        )\n        with allure.step(\"Submit the form without filling in required fields\"):\n            self.create_account_page.click_register()\n    \n        with allure.step(\"Verify error messages for each required field\"):\n            assert self.create_account_page.get_note(Note.FIRST_NAME) == Message.REQUIRED_FIELD\n            assert self.create_account_page.get_note(Note.LAST_NAME) == Message.REQUIRED_FIELD\n>           assert self.create_account_page.get_note(Note.EMAIL) == Message.VALIDATION_NOTE\nE           AssertionError: assert 'This is a required field.' == 'Please enter 6 or more characters. Leading or trailing spaces will be ignored.'\nE             - Please enter 6 or more characters. Leading or trailing spaces will be ignored.\nE             + This is a required field.\n\nchecking_required_fields.py:50: AssertionError"}, "description": "Verify error messages for required fields on the create account page.", "steps": [{"name": "Submit the form without filling in required fields", "status": "passed", "steps": [{"name": "Click 'Register' Button", "status": "passed", "start": 1708392571901, "stop": 1708392571958}], "start": 1708392571901, "stop": 1708392571958}, {"name": "Verify error messages for each required field", "status": "failed", "statusDetails": {"message": "AssertionError: assert 'This is a required field.' == 'Please enter 6 or more characters. Leading or trailing spaces will be ignored.'\n  - Please enter 6 or more characters. Leading or trailing spaces will be ignored.\n  + This is a required field.\n", "trace": "  File \"C:\\Users\\achiy\\Desktop\\MadisonWeb_auto\\MadisonWeb\\tests\\create_account\\checking_required_fields.py\", line 50, in test_checking_required_fields\n    assert self.create_account_page.get_note(Note.EMAIL) == Message.VALIDATION_NOTE\n"}, "steps": [{"name": "Get note message based on type: 'First Name'", "status": "passed", "parameters": [{"name": "note_type", "value": "'First Name'"}], "start": 1708392571958, "stop": 1708392571983}, {"name": "Get note message based on type: 'Last Name'", "status": "passed", "parameters": [{"name": "note_type", "value": "'Last Name'"}], "start": 1708392571983, "stop": 1708392572005}, {"name": "Get note message based on type: 'Email'", "status": "passed", "parameters": [{"name": "note_type", "value": "'Email'"}], "start": 1708392572005, "stop": 1708392572026}], "start": 1708392571958, "stop": 1708392572026}], "attachments": [{"name": "Test Description", "source": "df568c2e-2627-4433-bbc4-f2ae38ef481b-attachment.attach"}], "start": 1708392571901, "stop": 1708392572026, "uuid": "28d32154-5088-4310-ad93-12f9bc0829a6", "historyId": "d581d5a3c8fd66d131734380319d10ee", "testCaseId": "d581d5a3c8fd66d131734380319d10ee", "fullName": "checking_required_fields.TestCheckingRequiredFields#test_checking_required_fields", "labels": [{"name": "severity", "value": "critical"}, {"name": "feature", "value": "Create Account Functionality"}, {"name": "story", "value": "Checking Required Fields"}, {"name": "epic", "value": "User Registration"}, {"name": "suite", "value": "checking_required_fields"}, {"name": "subSuite", "value": "TestCheckingRequiredFields"}, {"name": "host", "value": "LAPTOP-V5QEKNGK"}, {"name": "thread", "value": "11868-MainThread"}, {"name": "framework", "value": "pytest"}, {"name": "language", "value": "cpython3"}, {"name": "package", "value": "checking_required_fields"}]}