{"name": "Counting the amount of reviews for a specific item", "status": "failed", "statusDetails": {"message": "AssertionError: assert 2 == 1\n +  where 2 = <bound method Item.get_count_of_review of <pages.item_page.Item object at 0x000001C9EABF3F20>>()\n +    where <bound method Item.get_count_of_review of <pages.item_page.Item object at 0x000001C9EABF3F20>> = <pages.item_page.Item object at 0x000001C9EABF3F20>.get_count_of_review\n +      where <pages.item_page.Item object at 0x000001C9EABF3F20> = <count_of_review.TestCountOfReview object at 0x000001C9EABF2690>.item_page", "trace": "self = <count_of_review.TestCountOfReview object at 0x000001C9EABF2690>\n\n    @allure.title('Counting the amount of reviews for a specific item')\n    @allure.description('Verify the amount of reviews on the item')\n    @allure.severity(allure.severity_level.NORMAL)\n    def test_count(self):\n        allure.attach(\n            'This test verifies the amount of reviews on the item.',\n            'Test Description'\n        )\n        with allure.step(\"Navigate to women's dresses and select a specific dress\"):\n            self.home_page.select_womens_collection(WomensCollection.DRESSES_SKIRTS)\n            self.products_page.select_item(Items.LUDLOW_SHEATH_DRESS)\n    \n        with allure.step(\"Click on the review tab and check the amount of reviews\"):\n            self.item_page.click_review_tab()\n>           assert self.item_page.get_count_of_review() == 1\nE           assert 2 == 1\nE            +  where 2 = <bound method Item.get_count_of_review of <pages.item_page.Item object at 0x000001C9EABF3F20>>()\nE            +    where <bound method Item.get_count_of_review of <pages.item_page.Item object at 0x000001C9EABF3F20>> = <pages.item_page.Item object at 0x000001C9EABF3F20>.get_count_of_review\nE            +      where <pages.item_page.Item object at 0x000001C9EABF3F20> = <count_of_review.TestCountOfReview object at 0x000001C9EABF2690>.item_page\n\ncount_of_review.py:34: AssertionError"}, "description": "Verify the amount of reviews on the item", "steps": [{"name": "Navigate to women's dresses and select a specific dress", "status": "passed", "steps": [{"name": "Click on the ''Dresses & Skirts'' Link", "status": "passed", "parameters": [{"name": "collection", "value": "'Dresses & Skirts'"}], "start": 1708392810685, "stop": 1708392814137}, {"name": "Click on the ''Ludlow Sheath Dress'' item", "status": "passed", "parameters": [{"name": "item", "value": "'Ludlow Sheath Dress'"}], "start": 1708392814137, "stop": 1708392816239}], "start": 1708392810684, "stop": 1708392816239}, {"name": "Click on the review tab and check the amount of reviews", "status": "failed", "statusDetails": {"message": "AssertionError: assert 2 == 1\n +  where 2 = <bound method Item.get_count_of_review of <pages.item_page.Item object at 0x000001C9EABF3F20>>()\n +    where <bound method Item.get_count_of_review of <pages.item_page.Item object at 0x000001C9EABF3F20>> = <pages.item_page.Item object at 0x000001C9EABF3F20>.get_count_of_review\n +      where <pages.item_page.Item object at 0x000001C9EABF3F20> = <count_of_review.TestCountOfReview object at 0x000001C9EABF2690>.item_page\n", "trace": "  File \"C:\\Users\\achiy\\Desktop\\MadisonWeb_auto\\MadisonWeb\\tests\\item\\count_of_review.py\", line 34, in test_count\n    assert self.item_page.get_count_of_review() == 1\n"}, "steps": [{"name": "Click on the 'Review' Tab", "status": "passed", "start": 1708392816239, "stop": 1708392816314}, {"name": "Getting count of reviews", "status": "passed", "start": 1708392816315, "stop": 1708392816331}], "start": 1708392816239, "stop": 1708392816331}], "attachments": [{"name": "Test Description", "source": "3779e2b7-f228-4e57-910f-f933eb8f03a9-attachment.attach"}], "start": 1708392810682, "stop": 1708392816332, "uuid": "54767730-208d-4d08-8c0b-c0e78cc6f7c8", "historyId": "ddae343d77a6944c5f97be4b92d5cb65", "testCaseId": "ddae343d77a6944c5f97be4b92d5cb65", "fullName": "count_of_review.TestCountOfReview#test_count", "labels": [{"name": "story", "value": "Count of Reviews"}, {"name": "feature", "value": "Review Functionality"}, {"name": "epic", "value": "User Shopping"}, {"name": "severity", "value": "normal"}, {"name": "suite", "value": "count_of_review"}, {"name": "subSuite", "value": "TestCountOfReview"}, {"name": "host", "value": "LAPTOP-V5QEKNGK"}, {"name": "thread", "value": "18808-MainThread"}, {"name": "framework", "value": "pytest"}, {"name": "language", "value": "cpython3"}, {"name": "package", "value": "count_of_review"}]}